249
0 199 1 199
1 199 2 199
2 199 3 199
3 199 4 199
4 199 5 199
5 199 6 199
6 199 7 199
7 199 8 199
8 199 9 199
9 199 10 199
10 199 11 199
11 199 12 199
12 199 13 199
13 199 14 199
14 199 15 199
15 199 16 199
16 199 17 199
17 199 18 199
18 199 19 199
19 199 20 199
20 199 21 199
21 199 22 199
22 199 23 199
23 199 24 199
24 199 25 199
25 199 26 199
26 199 27 199
27 199 28 199
28 199 29 199
29 199 30 199
30 199 31 199
31 199 32 199
32 199 33 199
33 199 34 199
34 199 35 199
35 199 36 199
36 199 37 199
37 199 38 199
38 199 39 199
39 199 40 199
40 199 41 199
41 199 42 199
42 199 43 199
43 199 44 199
44 199 45 199
45 199 46 199
46 199 47 199
47 199 48 199
48 199 49 199
49 199 50 199
50 199 51 199
51 199 52 199
52 199 53 199
53 199 54 199
54 199 55 199
55 199 56 199
56 199 57 199
57 199 58 199
58 199 59 199
59 199 60 199
60 199 61 199
61 199 62 199
62 199 63 199
63 199 64 199
64 199 65 199
65 199 66 199
66 199 67 199
67 199 68 199
68 199 69 199
69 199 70 199
70 199 71 199
71 199 72 199
72 199 73 199
73 199 74 199
74 199 75 199
75 199 76 199
76 199 77 199
77 199 78 199
78 199 79 199
79 199 80 199
80 199 81 199
81 199 82 199
82 199 83 199
83 199 84 199
84 199 85 199
85 199 86 199
86 199 87 199
87 199 88 199
88 199 89 199
89 199 90 199
90 199 91 199
91 199 92 199
92 199 93 199
93 199 94 199
94 199 95 199
95 199 96 199
96 199 97 199
97 199 98 199
98 199 99 199
99 199 100 199
100 199 101 199
101 199 102 199
102 199 103 199
103 199 104 199
104 199 105 199
105 199 106 199
106 199 107 199
107 199 108 199
108 199 109 199
109 199 110 199
110 199 111 199
111 199 112 199
112 199 113 199
113 199 114 199
114 199 115 199
115 199 116 199
116 199 117 199
117 199 118 199
118 199 119 199
119 199 120 199
120 199 121 199
121 199 122 199
122 199 123 199
123 199 124 199
124 199 125 199
125 199 126 199
126 199 127 199
127 199 128 199
128 199 129 199
129 199 130 199
130 199 131 199
131 199 132 199
132 199 133 199
133 199 134 199
134 199 135 199
135 199 136 199
136 199 137 199
137 199 138 199
138 199 139 199
139 199 140 199
140 199 141 199
141 199 142 199
142 199 143 199
143 199 144 199
144 199 145 199
145 199 146 199
146 199 147 199
147 199 148 199
148 199 149 199
149 199 150 199
150 199 151 199
151 199 152 199
152 199 153 199
153 199 154 199
154 199 155 199
155 199 156 199
156 199 157 199
157 199 158 199
158 199 159 199
159 199 160 199
160 199 161 199
161 199 162 199
162 199 163 199
163 199 164 199
164 199 165 199
165 199 166 199
166 199 167 199
167 199 168 199
168 199 169 199
169 199 170 199
170 199 171 199
171 199 172 199
172 199 173 199
173 199 174 199
174 199 175 199
175 199 176 199
176 199 177 199
177 199 178 199
178 199 179 199
179 199 180 199
180 199 181 199
181 199 182 199
182 199 183 199
183 199 184 199
184 199 185 199
185 199 186 199
186 199 187 199
187 199 188 199
188 199 189 199
189 199 190 199
190 199 191 199
191 199 192 199
192 199 193 199
193 199 194 199
194 199 195 199
195 199 196 199
196 199 197 199
197 199 198 199
198 199 199 199
199 199 200 199
200 199 201 199
201 199 202 199
202 199 203 199
203 199 204 199
204 199 205 199
205 199 206 199
206 199 207 199
207 199 208 199
208 199 209 199
209 199 210 199
210 199 211 199
211 199 212 199
212 199 213 199
213 199 214 199
214 199 215 199
215 199 216 199
216 199 217 199
217 199 218 199
218 199 219 199
219 199 220 199
220 199 221 199
221 199 222 199
222 199 223 199
223 199 224 199
224 199 225 199
225 199 226 199
226 199 227 199
227 199 228 199
228 199 229 199
229 199 230 199
230 199 231 199
231 199 232 199
232 199 233 199
233 199 234 199
234 199 235 199
235 199 236 199
236 199 237 199
237 199 238 199
238 199 239 199
239 199 240 199
240 199 241 199
241 199 242 199
242 199 243 199
243 199 244 199
244 199 245 199
245 199 246 199
246 199 247 199
247 199 248 199
248 199 249 199
